   1               		.file	"to_leds.c"
   2               	__SP_H__ = 0x3e
   3               	__SP_L__ = 0x3d
   4               	__SREG__ = 0x3f
   5               	__tmp_reg__ = 0
   6               	__zero_reg__ = 1
   7               		.stabs	"/home/student/build-avr_linux_compiler-Desktop-Debug/",100,0,2,.Ltext0
   8               		.stabs	"/home/student/avr_src/SimulIDE_1.0.0-SR1_Lin64/to_leds/to_leds.c",100,0,2,.Ltext0
   9               		.text
  10               	.Ltext0:
  11               		.stabs	"gcc2_compiled.",60,0,0,0
  12               		.stabs	"int:t(0,1)=r(0,1);-32768;32767;",128,0,0,0
  13               		.stabs	"char:t(0,2)=r(0,2);0;127;",128,0,0,0
  14               		.stabs	"long int:t(0,3)=@s32;r(0,3);020000000000;017777777777;",128,0,0,0
  15               		.stabs	"unsigned int:t(0,4)=r(0,4);0;0177777;",128,0,0,0
  16               		.stabs	"long unsigned int:t(0,5)=@s32;r(0,5);0;037777777777;",128,0,0,0
  17               		.stabs	"__int128:t(0,6)=@s128;r(0,6);02000000000000000000000000000000000000000000;0177777777777777
  18               		.stabs	"__int128 unsigned:t(0,7)=@s128;r(0,7);0;03777777777777777777777777777777777777777777;",128
  19               		.stabs	"long long int:t(0,8)=@s64;r(0,8);01000000000000000000000;00777777777777777777777;",128,0,0
  20               		.stabs	"long long unsigned int:t(0,9)=@s64;r(0,9);0;01777777777777777777777;",128,0,0,0
  21               		.stabs	"short int:t(0,10)=r(0,10);-32768;32767;",128,0,0,0
  22               		.stabs	"short unsigned int:t(0,11)=r(0,11);0;0177777;",128,0,0,0
  23               		.stabs	"signed char:t(0,12)=@s8;r(0,12);-128;127;",128,0,0,0
  24               		.stabs	"unsigned char:t(0,13)=@s8;r(0,13);0;255;",128,0,0,0
  25               		.stabs	"float:t(0,14)=r(0,1);4;0;",128,0,0,0
  26               		.stabs	"double:t(0,15)=r(0,1);4;0;",128,0,0,0
  27               		.stabs	"long double:t(0,16)=r(0,1);4;0;",128,0,0,0
  28               		.stabs	"short _Fract:t(0,17)=r(0,1);1;0;",128,0,0,0
  29               		.stabs	"_Fract:t(0,18)=r(0,1);2;0;",128,0,0,0
  30               		.stabs	"long _Fract:t(0,19)=r(0,1);4;0;",128,0,0,0
  31               		.stabs	"long long _Fract:t(0,20)=r(0,1);8;0;",128,0,0,0
  32               		.stabs	"unsigned short _Fract:t(0,21)=r(0,1);1;0;",128,0,0,0
  33               		.stabs	"unsigned _Fract:t(0,22)=r(0,1);2;0;",128,0,0,0
  34               		.stabs	"unsigned long _Fract:t(0,23)=r(0,1);4;0;",128,0,0,0
  35               		.stabs	"unsigned long long _Fract:t(0,24)=r(0,1);8;0;",128,0,0,0
  36               		.stabs	"_Sat short _Fract:t(0,25)=r(0,1);1;0;",128,0,0,0
  37               		.stabs	"_Sat _Fract:t(0,26)=r(0,1);2;0;",128,0,0,0
  38               		.stabs	"_Sat long _Fract:t(0,27)=r(0,1);4;0;",128,0,0,0
  39               		.stabs	"_Sat long long _Fract:t(0,28)=r(0,1);8;0;",128,0,0,0
  40               		.stabs	"_Sat unsigned short _Fract:t(0,29)=r(0,1);1;0;",128,0,0,0
  41               		.stabs	"_Sat unsigned _Fract:t(0,30)=r(0,1);2;0;",128,0,0,0
  42               		.stabs	"_Sat unsigned long _Fract:t(0,31)=r(0,1);4;0;",128,0,0,0
  43               		.stabs	"_Sat unsigned long long _Fract:t(0,32)=r(0,1);8;0;",128,0,0,0
  44               		.stabs	"short _Accum:t(0,33)=r(0,1);2;0;",128,0,0,0
  45               		.stabs	"_Accum:t(0,34)=r(0,1);4;0;",128,0,0,0
  46               		.stabs	"long _Accum:t(0,35)=r(0,1);8;0;",128,0,0,0
  47               		.stabs	"long long _Accum:t(0,36)=r(0,1);8;0;",128,0,0,0
  48               		.stabs	"unsigned short _Accum:t(0,37)=r(0,1);2;0;",128,0,0,0
  49               		.stabs	"unsigned _Accum:t(0,38)=r(0,1);4;0;",128,0,0,0
  50               		.stabs	"unsigned long _Accum:t(0,39)=r(0,1);8;0;",128,0,0,0
  51               		.stabs	"unsigned long long _Accum:t(0,40)=r(0,1);8;0;",128,0,0,0
  52               		.stabs	"_Sat short _Accum:t(0,41)=r(0,1);2;0;",128,0,0,0
  53               		.stabs	"_Sat _Accum:t(0,42)=r(0,1);4;0;",128,0,0,0
  54               		.stabs	"_Sat long _Accum:t(0,43)=r(0,1);8;0;",128,0,0,0
  55               		.stabs	"_Sat long long _Accum:t(0,44)=r(0,1);8;0;",128,0,0,0
  56               		.stabs	"_Sat unsigned short _Accum:t(0,45)=r(0,1);2;0;",128,0,0,0
  57               		.stabs	"_Sat unsigned _Accum:t(0,46)=r(0,1);4;0;",128,0,0,0
  58               		.stabs	"_Sat unsigned long _Accum:t(0,47)=r(0,1);8;0;",128,0,0,0
  59               		.stabs	"_Sat unsigned long long _Accum:t(0,48)=r(0,1);8;0;",128,0,0,0
  60               		.stabs	"void:t(0,49)=(0,49)",128,0,0,0
  61               		.stabs	"/usr/lib/avr/include/avr/io.h",130,0,0,0
  62               		.stabs	"/usr/lib/avr/include/avr/sfr_defs.h",130,0,0,0
  63               		.stabs	"/usr/lib/avr/include/inttypes.h",130,0,0,0
  64               		.stabs	"/usr/lib/gcc/avr/5.4.0/include/stdint.h",130,0,0,0
  65               		.stabs	"/usr/lib/avr/include/stdint.h",130,0,0,0
  66               		.stabs	"int8_t:t(5,1)=(0,12)",128,0,125,0
  67               		.stabs	"uint8_t:t(5,2)=(0,13)",128,0,126,0
  68               		.stabs	"int16_t:t(5,3)=(0,1)",128,0,127,0
  69               		.stabs	"uint16_t:t(5,4)=(0,4)",128,0,128,0
  70               		.stabs	"int32_t:t(5,5)=(0,3)",128,0,129,0
  71               		.stabs	"uint32_t:t(5,6)=(0,5)",128,0,130,0
  72               		.stabs	"int64_t:t(5,7)=(0,8)",128,0,132,0
  73               		.stabs	"uint64_t:t(5,8)=(0,9)",128,0,133,0
  74               		.stabs	"intptr_t:t(5,9)=(5,3)",128,0,146,0
  75               		.stabs	"uintptr_t:t(5,10)=(5,4)",128,0,151,0
  76               		.stabs	"int_least8_t:t(5,11)=(5,1)",128,0,163,0
  77               		.stabs	"uint_least8_t:t(5,12)=(5,2)",128,0,168,0
  78               		.stabs	"int_least16_t:t(5,13)=(5,3)",128,0,173,0
  79               		.stabs	"uint_least16_t:t(5,14)=(5,4)",128,0,178,0
  80               		.stabs	"int_least32_t:t(5,15)=(5,5)",128,0,183,0
  81               		.stabs	"uint_least32_t:t(5,16)=(5,6)",128,0,188,0
  82               		.stabs	"int_least64_t:t(5,17)=(5,7)",128,0,196,0
  83               		.stabs	"uint_least64_t:t(5,18)=(5,8)",128,0,203,0
  84               		.stabs	"int_fast8_t:t(5,19)=(5,1)",128,0,217,0
  85               		.stabs	"uint_fast8_t:t(5,20)=(5,2)",128,0,222,0
  86               		.stabs	"int_fast16_t:t(5,21)=(5,3)",128,0,227,0
  87               		.stabs	"uint_fast16_t:t(5,22)=(5,4)",128,0,232,0
  88               		.stabs	"int_fast32_t:t(5,23)=(5,5)",128,0,237,0
  89               		.stabs	"uint_fast32_t:t(5,24)=(5,6)",128,0,242,0
  90               		.stabs	"int_fast64_t:t(5,25)=(5,7)",128,0,250,0
  91               		.stabs	"uint_fast64_t:t(5,26)=(5,8)",128,0,257,0
  92               		.stabs	"intmax_t:t(5,27)=(5,7)",128,0,277,0
  93               		.stabs	"uintmax_t:t(5,28)=(5,8)",128,0,282,0
  94               		.stabn	162,0,0,0
  95               		.stabn	162,0,0,0
  96               		.stabs	"int_farptr_t:t(3,1)=(5,5)",128,0,77,0
  97               		.stabs	"uint_farptr_t:t(3,2)=(5,6)",128,0,81,0
  98               		.stabn	162,0,0,0
  99               		.stabn	162,0,0,0
 100               		.stabs	"/usr/lib/avr/include/avr/fuse.h",130,0,0,0
 101               		.stabs	"__fuse_t:t(6,1)=(6,2)=s3low:(0,13),0,8;high:(0,13),8,8;extended:(0,13),16,8;;",128,0,244,0
 102               		.stabn	162,0,0,0
 103               		.stabn	162,0,0,0
 104               		.section	.text.startup,"ax",@progbits
 105               		.stabs	"main:F(0,1)",36,0,4,main
 106               	.global	main
 107               		.type	main, @function
 108               	main:
 109               		.stabd	46,0,0
   1:/home/student/avr_src/SimulIDE_1.0.0-SR1_Lin64/to_leds/to_leds.c **** #include <avr/io.h>
   2:/home/student/avr_src/SimulIDE_1.0.0-SR1_Lin64/to_leds/to_leds.c **** #include <util/delay.h>
   3:/home/student/avr_src/SimulIDE_1.0.0-SR1_Lin64/to_leds/to_leds.c **** 
   4:/home/student/avr_src/SimulIDE_1.0.0-SR1_Lin64/to_leds/to_leds.c **** int main(void)
   5:/home/student/avr_src/SimulIDE_1.0.0-SR1_Lin64/to_leds/to_leds.c **** {
 110               		.stabn	68,0,5,.LM0-.LFBB1
 111               	.LM0:
 112               	.LFBB1:
 113               	/* prologue: function */
 114               	/* frame size = 0 */
 115               	/* stack size = 0 */
 116               	.L__stack_usage = 0
   6:/home/student/avr_src/SimulIDE_1.0.0-SR1_Lin64/to_leds/to_leds.c **** 	unsigned char value = 0x01;
   7:/home/student/avr_src/SimulIDE_1.0.0-SR1_Lin64/to_leds/to_leds.c **** 	PORTC = 0xFF;
 117               		.stabn	68,0,7,.LM1-.LFBB1
 118               	.LM1:
 119 0000 8FEF      		ldi r24,lo8(-1)
 120 0002 88B9      		out 0x8,r24
   8:/home/student/avr_src/SimulIDE_1.0.0-SR1_Lin64/to_leds/to_leds.c **** 	DDRC = 0xFF;
 121               		.stabn	68,0,8,.LM2-.LFBB1
 122               	.LM2:
 123 0004 87B9      		out 0x7,r24
   6:/home/student/avr_src/SimulIDE_1.0.0-SR1_Lin64/to_leds/to_leds.c **** 	unsigned char value = 0x01;
 124               		.stabn	68,0,6,.LM3-.LFBB1
 125               	.LM3:
 126 0006 81E0      		ldi r24,lo8(1)
 127               	.L2:
   9:/home/student/avr_src/SimulIDE_1.0.0-SR1_Lin64/to_leds/to_leds.c **** 	
  10:/home/student/avr_src/SimulIDE_1.0.0-SR1_Lin64/to_leds/to_leds.c **** 	while(1){
  11:/home/student/avr_src/SimulIDE_1.0.0-SR1_Lin64/to_leds/to_leds.c **** 		
  12:/home/student/avr_src/SimulIDE_1.0.0-SR1_Lin64/to_leds/to_leds.c **** 		PORTC = 0xFF & ~(value);
 128               		.stabn	68,0,12,.LM4-.LFBB1
 129               	.LM4:
 130 0008 982F      		mov r25,r24
 131 000a 9095      		com r25
 132 000c 98B9      		out 0x8,r25
  13:/home/student/avr_src/SimulIDE_1.0.0-SR1_Lin64/to_leds/to_leds.c **** 		value <<= 1;
 133               		.stabn	68,0,13,.LM5-.LFBB1
 134               	.LM5:
 135 000e 880F      		lsl r24
 136               	.LBB4:
 137               	.LBB5:
 138               		.stabs	"/usr/lib/avr/include/util/delay.h",132,0,0,.Ltext1
 139               	.Ltext1:
   1:/usr/lib/avr/include/util/delay.h **** /* Copyright (c) 2002, Marek Michalkiewicz
   2:/usr/lib/avr/include/util/delay.h ****    Copyright (c) 2004,2005,2007 Joerg Wunsch
   3:/usr/lib/avr/include/util/delay.h ****    Copyright (c) 2007  Florin-Viorel Petrov
   4:/usr/lib/avr/include/util/delay.h ****    All rights reserved.
   5:/usr/lib/avr/include/util/delay.h **** 
   6:/usr/lib/avr/include/util/delay.h ****    Redistribution and use in source and binary forms, with or without
   7:/usr/lib/avr/include/util/delay.h ****    modification, are permitted provided that the following conditions are met:
   8:/usr/lib/avr/include/util/delay.h **** 
   9:/usr/lib/avr/include/util/delay.h ****    * Redistributions of source code must retain the above copyright
  10:/usr/lib/avr/include/util/delay.h ****      notice, this list of conditions and the following disclaimer.
  11:/usr/lib/avr/include/util/delay.h **** 
  12:/usr/lib/avr/include/util/delay.h ****    * Redistributions in binary form must reproduce the above copyright
  13:/usr/lib/avr/include/util/delay.h ****      notice, this list of conditions and the following disclaimer in
  14:/usr/lib/avr/include/util/delay.h ****      the documentation and/or other materials provided with the
  15:/usr/lib/avr/include/util/delay.h ****      distribution.
  16:/usr/lib/avr/include/util/delay.h **** 
  17:/usr/lib/avr/include/util/delay.h ****    * Neither the name of the copyright holders nor the names of
  18:/usr/lib/avr/include/util/delay.h ****      contributors may be used to endorse or promote products derived
  19:/usr/lib/avr/include/util/delay.h ****      from this software without specific prior written permission.
  20:/usr/lib/avr/include/util/delay.h **** 
  21:/usr/lib/avr/include/util/delay.h ****   THIS SOFTWARE IS PROVIDED BY THE COPYRIGHT HOLDERS AND CONTRIBUTORS "AS IS"
  22:/usr/lib/avr/include/util/delay.h ****   AND ANY EXPRESS OR IMPLIED WARRANTIES, INCLUDING, BUT NOT LIMITED TO, THE
  23:/usr/lib/avr/include/util/delay.h ****   IMPLIED WARRANTIES OF MERCHANTABILITY AND FITNESS FOR A PARTICULAR PURPOSE
  24:/usr/lib/avr/include/util/delay.h ****   ARE DISCLAIMED. IN NO EVENT SHALL THE COPYRIGHT OWNER OR CONTRIBUTORS BE
  25:/usr/lib/avr/include/util/delay.h ****   LIABLE FOR ANY DIRECT, INDIRECT, INCIDENTAL, SPECIAL, EXEMPLARY, OR
  26:/usr/lib/avr/include/util/delay.h ****   CONSEQUENTIAL DAMAGES (INCLUDING, BUT NOT LIMITED TO, PROCUREMENT OF
  27:/usr/lib/avr/include/util/delay.h ****   SUBSTITUTE GOODS OR SERVICES; LOSS OF USE, DATA, OR PROFITS; OR BUSINESS
  28:/usr/lib/avr/include/util/delay.h ****   INTERRUPTION) HOWEVER CAUSED AND ON ANY THEORY OF LIABILITY, WHETHER IN
  29:/usr/lib/avr/include/util/delay.h ****   CONTRACT, STRICT LIABILITY, OR TORT (INCLUDING NEGLIGENCE OR OTHERWISE)
  30:/usr/lib/avr/include/util/delay.h ****   ARISING IN ANY WAY OUT OF THE USE OF THIS SOFTWARE, EVEN IF ADVISED OF THE
  31:/usr/lib/avr/include/util/delay.h ****   POSSIBILITY OF SUCH DAMAGE. */
  32:/usr/lib/avr/include/util/delay.h **** 
  33:/usr/lib/avr/include/util/delay.h **** /* $Id$ */
  34:/usr/lib/avr/include/util/delay.h **** 
  35:/usr/lib/avr/include/util/delay.h **** #ifndef _UTIL_DELAY_H_
  36:/usr/lib/avr/include/util/delay.h **** #define _UTIL_DELAY_H_ 1
  37:/usr/lib/avr/include/util/delay.h **** 
  38:/usr/lib/avr/include/util/delay.h **** #ifndef __DOXYGEN__
  39:/usr/lib/avr/include/util/delay.h **** #  ifndef __HAS_DELAY_CYCLES
  40:/usr/lib/avr/include/util/delay.h **** #    define __HAS_DELAY_CYCLES 1
  41:/usr/lib/avr/include/util/delay.h **** #  endif
  42:/usr/lib/avr/include/util/delay.h **** #endif  /* __DOXYGEN__ */
  43:/usr/lib/avr/include/util/delay.h **** 
  44:/usr/lib/avr/include/util/delay.h **** #include <inttypes.h>
  45:/usr/lib/avr/include/util/delay.h **** #include <util/delay_basic.h>
  46:/usr/lib/avr/include/util/delay.h **** #include <math.h>
  47:/usr/lib/avr/include/util/delay.h **** 
  48:/usr/lib/avr/include/util/delay.h **** /** \file */
  49:/usr/lib/avr/include/util/delay.h **** /** \defgroup util_delay <util/delay.h>: Convenience functions for busy-wait delay loops
  50:/usr/lib/avr/include/util/delay.h ****     \code
  51:/usr/lib/avr/include/util/delay.h ****     #define F_CPU 1000000UL  // 1 MHz
  52:/usr/lib/avr/include/util/delay.h ****     //#define F_CPU 14.7456E6
  53:/usr/lib/avr/include/util/delay.h ****     #include <util/delay.h>
  54:/usr/lib/avr/include/util/delay.h ****     \endcode
  55:/usr/lib/avr/include/util/delay.h **** 
  56:/usr/lib/avr/include/util/delay.h ****     \note As an alternative method, it is possible to pass the
  57:/usr/lib/avr/include/util/delay.h ****     F_CPU macro down to the compiler from the Makefile.
  58:/usr/lib/avr/include/util/delay.h ****     Obviously, in that case, no \c \#define statement should be
  59:/usr/lib/avr/include/util/delay.h ****     used.
  60:/usr/lib/avr/include/util/delay.h **** 
  61:/usr/lib/avr/include/util/delay.h ****     The functions in this header file are wrappers around the basic
  62:/usr/lib/avr/include/util/delay.h ****     busy-wait functions from <util/delay_basic.h>.  They are meant as
  63:/usr/lib/avr/include/util/delay.h ****     convenience functions where actual time values can be specified
  64:/usr/lib/avr/include/util/delay.h ****     rather than a number of cycles to wait for.  The idea behind is
  65:/usr/lib/avr/include/util/delay.h ****     that compile-time constant expressions will be eliminated by
  66:/usr/lib/avr/include/util/delay.h ****     compiler optimization so floating-point expressions can be used
  67:/usr/lib/avr/include/util/delay.h ****     to calculate the number of delay cycles needed based on the CPU
  68:/usr/lib/avr/include/util/delay.h ****     frequency passed by the macro F_CPU.
  69:/usr/lib/avr/include/util/delay.h **** 
  70:/usr/lib/avr/include/util/delay.h ****     \note In order for these functions to work as intended, compiler
  71:/usr/lib/avr/include/util/delay.h ****     optimizations <em>must</em> be enabled, and the delay time
  72:/usr/lib/avr/include/util/delay.h ****     <em>must</em> be an expression that is a known constant at
  73:/usr/lib/avr/include/util/delay.h ****     compile-time.  If these requirements are not met, the resulting
  74:/usr/lib/avr/include/util/delay.h ****     delay will be much longer (and basically unpredictable), and
  75:/usr/lib/avr/include/util/delay.h ****     applications that otherwise do not use floating-point calculations
  76:/usr/lib/avr/include/util/delay.h ****     will experience severe code bloat by the floating-point library
  77:/usr/lib/avr/include/util/delay.h ****     routines linked into the application.
  78:/usr/lib/avr/include/util/delay.h **** 
  79:/usr/lib/avr/include/util/delay.h ****     The functions available allow the specification of microsecond, and
  80:/usr/lib/avr/include/util/delay.h ****     millisecond delays directly, using the application-supplied macro
  81:/usr/lib/avr/include/util/delay.h ****     F_CPU as the CPU clock frequency (in Hertz).
  82:/usr/lib/avr/include/util/delay.h **** 
  83:/usr/lib/avr/include/util/delay.h **** */
  84:/usr/lib/avr/include/util/delay.h **** 
  85:/usr/lib/avr/include/util/delay.h **** #if !defined(__DOXYGEN__)
  86:/usr/lib/avr/include/util/delay.h **** static __inline__ void _delay_us(double __us) __attribute__((__always_inline__));
  87:/usr/lib/avr/include/util/delay.h **** static __inline__ void _delay_ms(double __ms) __attribute__((__always_inline__));
  88:/usr/lib/avr/include/util/delay.h **** #endif
  89:/usr/lib/avr/include/util/delay.h **** 
  90:/usr/lib/avr/include/util/delay.h **** #ifndef F_CPU
  91:/usr/lib/avr/include/util/delay.h **** /* prevent compiler error by supplying a default */
  92:/usr/lib/avr/include/util/delay.h **** # warning "F_CPU not defined for <util/delay.h>"
  93:/usr/lib/avr/include/util/delay.h **** /** \ingroup util_delay
  94:/usr/lib/avr/include/util/delay.h ****     \def F_CPU
  95:/usr/lib/avr/include/util/delay.h ****     \brief CPU frequency in Hz
  96:/usr/lib/avr/include/util/delay.h **** 
  97:/usr/lib/avr/include/util/delay.h ****     The macro F_CPU specifies the CPU frequency to be considered by
  98:/usr/lib/avr/include/util/delay.h ****     the delay macros.  This macro is normally supplied by the
  99:/usr/lib/avr/include/util/delay.h ****     environment (e.g. from within a project header, or the project's
 100:/usr/lib/avr/include/util/delay.h ****     Makefile).  The value 1 MHz here is only provided as a "vanilla"
 101:/usr/lib/avr/include/util/delay.h ****     fallback if no such user-provided definition could be found.
 102:/usr/lib/avr/include/util/delay.h **** 
 103:/usr/lib/avr/include/util/delay.h ****     In terms of the delay functions, the CPU frequency can be given as
 104:/usr/lib/avr/include/util/delay.h ****     a floating-point constant (e.g. 3.6864E6 for 3.6864 MHz).
 105:/usr/lib/avr/include/util/delay.h ****     However, the macros in <util/setbaud.h> require it to be an
 106:/usr/lib/avr/include/util/delay.h ****     integer value.
 107:/usr/lib/avr/include/util/delay.h ****  */
 108:/usr/lib/avr/include/util/delay.h **** # define F_CPU 1000000UL
 109:/usr/lib/avr/include/util/delay.h **** #endif
 110:/usr/lib/avr/include/util/delay.h **** 
 111:/usr/lib/avr/include/util/delay.h **** #ifndef __OPTIMIZE__
 112:/usr/lib/avr/include/util/delay.h **** # warning "Compiler optimizations disabled; functions from <util/delay.h> won't work as designed"
 113:/usr/lib/avr/include/util/delay.h **** #endif
 114:/usr/lib/avr/include/util/delay.h **** 
 115:/usr/lib/avr/include/util/delay.h **** #if __HAS_DELAY_CYCLES && defined(__OPTIMIZE__) && \
 116:/usr/lib/avr/include/util/delay.h ****   !defined(__DELAY_BACKWARD_COMPATIBLE__) &&	   \
 117:/usr/lib/avr/include/util/delay.h ****   __STDC_HOSTED__
 118:/usr/lib/avr/include/util/delay.h **** #  include <math.h>
 119:/usr/lib/avr/include/util/delay.h **** #endif
 120:/usr/lib/avr/include/util/delay.h **** 
 121:/usr/lib/avr/include/util/delay.h **** /**
 122:/usr/lib/avr/include/util/delay.h ****    \ingroup util_delay
 123:/usr/lib/avr/include/util/delay.h **** 
 124:/usr/lib/avr/include/util/delay.h ****    Perform a delay of \c __ms milliseconds, using _delay_loop_2().
 125:/usr/lib/avr/include/util/delay.h **** 
 126:/usr/lib/avr/include/util/delay.h ****    The macro F_CPU is supposed to be defined to a
 127:/usr/lib/avr/include/util/delay.h ****    constant defining the CPU clock frequency (in Hertz).
 128:/usr/lib/avr/include/util/delay.h **** 
 129:/usr/lib/avr/include/util/delay.h ****    The maximal possible delay is 262.14 ms / F_CPU in MHz.
 130:/usr/lib/avr/include/util/delay.h **** 
 131:/usr/lib/avr/include/util/delay.h ****    When the user request delay which exceed the maximum possible one,
 132:/usr/lib/avr/include/util/delay.h ****    _delay_ms() provides a decreased resolution functionality. In this
 133:/usr/lib/avr/include/util/delay.h ****    mode _delay_ms() will work with a resolution of 1/10 ms, providing
 134:/usr/lib/avr/include/util/delay.h ****    delays up to 6.5535 seconds (independent from CPU frequency).  The
 135:/usr/lib/avr/include/util/delay.h ****    user will not be informed about decreased resolution.
 136:/usr/lib/avr/include/util/delay.h **** 
 137:/usr/lib/avr/include/util/delay.h ****    If the avr-gcc toolchain has __builtin_avr_delay_cycles()
 138:/usr/lib/avr/include/util/delay.h ****    support, maximal possible delay is 4294967.295 ms/ F_CPU in MHz. For
 139:/usr/lib/avr/include/util/delay.h ****    values greater than the maximal possible delay, overflows results in
 140:/usr/lib/avr/include/util/delay.h ****    no delay i.e., 0ms.
 141:/usr/lib/avr/include/util/delay.h **** 
 142:/usr/lib/avr/include/util/delay.h ****    Conversion of \c __ms into clock cycles may not always result in
 143:/usr/lib/avr/include/util/delay.h ****    integer.  By default, the clock cycles rounded up to next
 144:/usr/lib/avr/include/util/delay.h ****    integer. This ensures that the user gets at least \c __ms
 145:/usr/lib/avr/include/util/delay.h ****    microseconds of delay.
 146:/usr/lib/avr/include/util/delay.h **** 
 147:/usr/lib/avr/include/util/delay.h ****    Alternatively, by defining the macro \c __DELAY_ROUND_DOWN__, or
 148:/usr/lib/avr/include/util/delay.h ****    \c __DELAY_ROUND_CLOSEST__, before including this header file, the
 149:/usr/lib/avr/include/util/delay.h ****    algorithm can be made to round down, or round to closest integer,
 150:/usr/lib/avr/include/util/delay.h ****    respectively.
 151:/usr/lib/avr/include/util/delay.h **** 
 152:/usr/lib/avr/include/util/delay.h ****    \note
 153:/usr/lib/avr/include/util/delay.h **** 
 154:/usr/lib/avr/include/util/delay.h ****    The implementation of _delay_ms() based on
 155:/usr/lib/avr/include/util/delay.h ****    __builtin_avr_delay_cycles() is not backward compatible with older
 156:/usr/lib/avr/include/util/delay.h ****    implementations.  In order to get functionality backward compatible
 157:/usr/lib/avr/include/util/delay.h ****    with previous versions, the macro \c "__DELAY_BACKWARD_COMPATIBLE__"
 158:/usr/lib/avr/include/util/delay.h ****    must be defined before including this header file. Also, the
 159:/usr/lib/avr/include/util/delay.h ****    backward compatible algorithm will be chosen if the code is
 160:/usr/lib/avr/include/util/delay.h ****    compiled in a <em>freestanding environment</em> (GCC option
 161:/usr/lib/avr/include/util/delay.h ****    \c -ffreestanding), as the math functions required for rounding are
 162:/usr/lib/avr/include/util/delay.h ****    not available to the compiler then.
 163:/usr/lib/avr/include/util/delay.h **** 
 164:/usr/lib/avr/include/util/delay.h ****  */
 165:/usr/lib/avr/include/util/delay.h **** void
 166:/usr/lib/avr/include/util/delay.h **** _delay_ms(double __ms)
 167:/usr/lib/avr/include/util/delay.h **** {
 168:/usr/lib/avr/include/util/delay.h **** 	double __tmp ;
 169:/usr/lib/avr/include/util/delay.h **** #if __HAS_DELAY_CYCLES && defined(__OPTIMIZE__) && \
 170:/usr/lib/avr/include/util/delay.h ****   !defined(__DELAY_BACKWARD_COMPATIBLE__) &&	   \
 171:/usr/lib/avr/include/util/delay.h ****   __STDC_HOSTED__
 172:/usr/lib/avr/include/util/delay.h **** 	uint32_t __ticks_dc;
 173:/usr/lib/avr/include/util/delay.h **** 	extern void __builtin_avr_delay_cycles(unsigned long);
 174:/usr/lib/avr/include/util/delay.h **** 	__tmp = ((F_CPU) / 1e3) * __ms;
 175:/usr/lib/avr/include/util/delay.h **** 
 176:/usr/lib/avr/include/util/delay.h **** 	#if defined(__DELAY_ROUND_DOWN__)
 177:/usr/lib/avr/include/util/delay.h **** 		__ticks_dc = (uint32_t)fabs(__tmp);
 178:/usr/lib/avr/include/util/delay.h **** 
 179:/usr/lib/avr/include/util/delay.h **** 	#elif defined(__DELAY_ROUND_CLOSEST__)
 180:/usr/lib/avr/include/util/delay.h **** 		__ticks_dc = (uint32_t)(fabs(__tmp)+0.5);
 181:/usr/lib/avr/include/util/delay.h **** 
 182:/usr/lib/avr/include/util/delay.h **** 	#else
 183:/usr/lib/avr/include/util/delay.h **** 		//round up by default
 184:/usr/lib/avr/include/util/delay.h **** 		__ticks_dc = (uint32_t)(ceil(fabs(__tmp)));
 185:/usr/lib/avr/include/util/delay.h **** 	#endif
 186:/usr/lib/avr/include/util/delay.h **** 
 187:/usr/lib/avr/include/util/delay.h **** 	__builtin_avr_delay_cycles(__ticks_dc);
 140               		.stabn	68,0,187,.LM6-.LFBB1
 141               	.LM6:
 142 0010 2FEF      		ldi r18,lo8(3199999)
 143 0012 33ED      		ldi r19,hi8(3199999)
 144 0014 90E3      		ldi r25,hlo8(3199999)
 145 0016 2150      	1:	subi r18,1
 146 0018 3040      		sbci r19,0
 147 001a 9040      		sbci r25,0
 148 001c 01F4      		brne 1b
 149 001e 00C0      		rjmp .
 150 0020 0000      		nop
 151 0022 00C0      		rjmp .L2
 152               	.LBE5:
 153               	.LBE4:
 154               		.size	main, .-main
 155               		.stabs	"value:r(0,13)",64,0,6,24
 156               		.stabn	192,0,0,.LFBB1-.LFBB1
 157               		.stabn	224,0,0,.Lscope1-.LFBB1
 158               	.Lscope1:
 159               		.stabs	"",36,0,0,.Lscope1-.LFBB1
 160               		.stabd	78,0,0
 161               		.text
 162               		.stabs	"",100,0,0,.Letext0
 163               	.Letext0:
 164               		.ident	"GCC: (GNU) 5.4.0"
DEFINED SYMBOLS
                            *ABS*:0000000000000000 to_leds.c
     /tmp/cc1kJeJ8.s:2      *ABS*:000000000000003e __SP_H__
     /tmp/cc1kJeJ8.s:3      *ABS*:000000000000003d __SP_L__
     /tmp/cc1kJeJ8.s:4      *ABS*:000000000000003f __SREG__
     /tmp/cc1kJeJ8.s:5      *ABS*:0000000000000000 __tmp_reg__
     /tmp/cc1kJeJ8.s:6      *ABS*:0000000000000001 __zero_reg__
     /tmp/cc1kJeJ8.s:108    .text.startup:0000000000000000 main

NO UNDEFINED SYMBOLS
